2025-03-17 21:24:05,201 - INFO - Fetching menu for sawoo
2025-03-17 21:24:11,635 - INFO - 800 menus fetched
2025-03-17 21:24:11,639 - INFO - Fetching menu for segyeong
2025-03-17 21:24:18,110 - INFO - 714 menus fetched
2025-03-17 21:24:18,114 - INFO - Fetching menu for singal
2025-03-17 21:24:25,084 - INFO - 844 menus fetched
2025-03-17 21:24:25,088 - INFO - Fetching menu for gyeongbokbiz
2025-03-17 21:24:31,049 - INFO - 670 menus fetched
2025-03-17 21:24:31,053 - INFO - Fetching menu for jamsil
2025-03-17 21:24:38,831 - INFO - 786 menus fetched
2025-03-17 21:24:38,834 - INFO - Fetching menu for choeun
2025-03-17 21:24:44,783 - INFO - 755 menus fetched
2025-03-17 21:24:44,787 - INFO - Fetching menu for wdb
2025-03-17 21:24:46,788 - INFO - 17 menus fetched
2025-03-17 21:24:46,790 - INFO - Existing menu items: 6413
2025-03-17 21:36:06,569 - INFO - Fetching menu for sawoo
2025-03-17 21:36:11,407 - INFO - 800 menus fetched
2025-03-17 21:36:11,411 - INFO - Fetching menu for segyeong
2025-03-17 21:36:15,916 - INFO - 714 menus fetched
2025-03-17 21:36:15,920 - INFO - Fetching menu for singal
2025-03-17 21:36:22,890 - INFO - 844 menus fetched
2025-03-17 21:36:22,895 - INFO - Fetching menu for gyeongbokbiz
2025-03-17 21:36:28,132 - INFO - 670 menus fetched
2025-03-17 21:36:28,136 - INFO - Fetching menu for jamsil
2025-03-17 21:36:33,074 - INFO - 786 menus fetched
2025-03-17 21:36:33,078 - INFO - Fetching menu for choeun
2025-03-17 21:36:38,739 - INFO - 755 menus fetched
2025-03-17 21:36:38,743 - INFO - Fetching menu for wdb
2025-03-17 21:36:52,398 - INFO - 2000 menus fetched
2025-03-17 21:36:52,409 - INFO - Existing menu items: 6413
2025-03-17 21:36:52,424 - INFO - Unique menu items added: 479
2025-03-17 21:36:52,438 - INFO - Existing meals: 16707
2025-03-17 21:36:52,446 - INFO - Meals added: 6569
2025-03-17 21:39:00,323 - INFO - Existing meals: 23276
2025-03-17 21:39:00,331 - INFO - Unique meals: 6454
